<?xml version="1.0" encoding="UTF-8"?>
<!-- Generated by org.testng.reporters.JUnitReportReporter -->
<testsuite hostname="LAPTOP-185DVRJL" failures="0" tests="1" name="steps.TestRunner" time="4.352" errors="0" timestamp="2021-06-03T23:15:53 EDT" skipped="0">
  <testcase classname="steps.TestRunner" name="runScenario" time="4.352"/>
</testsuite> <!-- steps.TestRunner -->
