<?xml version="1.0" encoding="UTF-8"?>
<!-- Generated by org.testng.reporters.JUnitReportReporter -->
<testsuite hostname="LAPTOP-185DVRJL" failures="0" tests="1" name="steps.TestRunner" time="4.824" errors="0" timestamp="2021-06-17T23:08:15 EDT" skipped="0">
  <testcase classname="steps.TestRunner" name="runScenario" time="4.824"/>
</testsuite> <!-- steps.TestRunner -->
