<?xml version="1.0" encoding="UTF-8"?>
<!-- Generated by org.testng.reporters.JUnitReportReporter -->
<testsuite hostname="LAPTOP-185DVRJL" failures="0" tests="1" name="restAssurePractice.PostRequest" time="2.098" errors="0" timestamp="2021-07-23T00:23:07 EDT" skipped="0">
  <testcase classname="restAssurePractice.PostRequest" name="test1" time="2.098"/>
</testsuite> <!-- restAssurePractice.PostRequest -->
