<?xml version="1.0" encoding="UTF-8"?>
<!-- Generated by org.testng.reporters.JUnitReportReporter -->
<testsuite hostname="LAPTOP-185DVRJL" failures="0" tests="1" name="restAssurePractice.PatchRequest" time="1.978" errors="0" timestamp="2021-07-30T00:19:49 EDT" skipped="0">
  <testcase classname="restAssurePractice.PatchRequest" name="updateUser" time="1.978"/>
  <system-out/>
</testsuite> <!-- restAssurePractice.PatchRequest -->
