<?xml version="1.0" encoding="UTF-8"?>
<!-- Generated by org.testng.reporters.JUnitReportReporter -->
<testsuite hostname="LAPTOP-185DVRJL" failures="0" tests="1" name="restAssurePractice.TC002_GetList" time="1.813" errors="0" timestamp="2021-07-27T23:38:10 EDT" skipped="0">
  <testcase classname="restAssurePractice.TC002_GetList" name="getListOfUser" time="1.813"/>
</testsuite> <!-- restAssurePractice.TC002_GetList -->
