<?xml version="1.0" encoding="UTF-8"?>
<!-- Generated by org.testng.reporters.JUnitReportReporter -->
<testsuite hostname="LAPTOP-185DVRJL" failures="0" tests="1" name="restAssurePractice.TC003_GetSingleUser" time="1.850" errors="0" timestamp="2021-07-28T00:00:42 EDT" skipped="0">
  <testcase classname="restAssurePractice.TC003_GetSingleUser" name="getSingleUser" time="1.850"/>
</testsuite> <!-- restAssurePractice.TC003_GetSingleUser -->
