<?xml version="1.0" encoding="UTF-8"?>
<!-- Generated by org.testng.reporters.JUnitReportReporter -->
<testsuite hostname="LAPTOP-185DVRJL" failures="0" tests="1" name="restAssurePractice.TC001_GetListUsers" time="1.397" errors="0" timestamp="2021-07-15T23:56:44 EDT" skipped="0">
  <testcase classname="restAssurePractice.TC001_GetListUsers" name="getRequest" time="1.397"/>
</testsuite> <!-- restAssurePractice.TC001_GetListUsers -->
