<?xml version="1.0" encoding="UTF-8"?>
<!-- Generated by org.testng.reporters.JUnitReportReporter -->
<testsuite hostname="LAPTOP-185DVRJL" failures="0" tests="1" name="restAssurePractice.PutRequest" time="2.437" errors="0" timestamp="2021-07-30T00:19:32 EDT" skipped="0">
  <testcase classname="restAssurePractice.PutRequest" name="updateUser" time="2.437"/>
  <system-out/>
</testsuite> <!-- restAssurePractice.PutRequest -->
